<?xml version="1.0" encoding="UTF-8"?>
<!-- Generated by org.testng.reporters.JUnitReportReporter -->
<testsuite hostname="FFE-Tushar-Jadhav" failures="0" tests="1" name="practice.ProductTest" time="9.143" errors="0" timestamp="2025-08-21T12:37:42 IST" skipped="0">
  <testcase classname="practice.ProductTest" name="tc_002_CreateProductTest" time="9.143"/>
</testsuite> <!-- practice.ProductTest -->
