<?xml version="1.0" encoding="UTF-8"?>
<!-- Generated by org.testng.reporters.JUnitReportReporter -->
<testsuite hostname="FFE-Tushar-Jadhav" failures="0" tests="1" name="practice.CreateCampaign" time="16.830" errors="0" timestamp="2025-08-14T10:36:06 IST" skipped="0">
  <testcase classname="practice.CreateCampaign" name="createCampaignTest" time="16.830"/>
</testsuite> <!-- practice.CreateCampaign -->
